<?xml version="1.0" encoding="UTF-8"?>
<!-- Generated by org.testng.reporters.JUnitReportReporter -->
<testsuite hostname="DEV-DESK-ST" name="CapstonesTesting.JohnLewisFS_QCT" tests="6" failures="0" timestamp="7 Dec 2016 15:46:31 GMT" time="184.405" errors="0">
  <testcase name="personExistInKeysearch" time="28.408" classname="CapstonesTesting.JohnLewisFS_QCT"/>
  <testcase name="usePersonsInitial" time="31.472" classname="CapstonesTesting.JohnLewisFS_QCT"/>
  <testcase name="personDoesNotExistInKeysearch" time="29.829" classname="CapstonesTesting.JohnLewisFS_QCT"/>
  <testcase name="multiplePeopleWithSameFullNameUseInitial" time="29.344" classname="CapstonesTesting.JohnLewisFS_QCT"/>
  <testcase name="multiplePeopleWithSameFirstname" time="35.426" classname="CapstonesTesting.JohnLewisFS_QCT"/>
  <testcase name="multiplePeopleWithSameSurname" time="29.926" classname="CapstonesTesting.JohnLewisFS_QCT"/>
</testsuite> <!-- CapstonesTesting.JohnLewisFS_QCT -->
