<?xml version="1.0" encoding="UTF-8"?>
<!-- Generated by org.testng.reporters.JUnitReportReporter -->
<testsuite hostname="GEN-DESK-ST" name="CapstonesTesting.SendFileMail" tests="1" failures="0" timestamp="2 Nov 2016 09:27:18 GMT" time="0.464" errors="0">
  <testcase name="sendFileMail" time="0.464" classname="CapstonesTesting.SendFileMail"/>
</testsuite> <!-- CapstonesTesting.SendFileMail -->
