<?xml version="1.0" encoding="UTF-8"?>
<!-- Generated by org.testng.reporters.JUnitReportReporter -->
<testsuite hostname="GEN-DESK-ST" name="TestNGExample" tests="1" failures="0" timestamp="28 Oct 2016 13:07:41 GMT" time="0.638" errors="0">
  <testcase name="testPrintMessage" time="0.638" classname="TestNGExample"/>
</testsuite> <!-- TestNGExample -->
