<?xml version="1.0" encoding="UTF-8"?>
<!-- Generated by org.testng.reporters.JUnitReportReporter -->
<testsuite hostname="GEN-DESK-ST" name="CapstonesTesting.NewTest" tests="6" failures="0" timestamp="28 Oct 2016 16:19:31 GMT" time="57.549" errors="0">
  <testcase name="usePersonsInitial" time="8.890" classname="CapstonesTesting.NewTest"/>
  <testcase name="matchInSurnameAndUDPRNButNotFirstName" time="12.172" classname="CapstonesTesting.NewTest"/>
  <testcase name="personExistInKeysearch" time="8.947" classname="CapstonesTesting.NewTest"/>
  <testcase name="multiplePeopleInitial" time="9.080" classname="CapstonesTesting.NewTest"/>
  <testcase name="multiplePeopleOfSameName" time="8.953" classname="CapstonesTesting.NewTest"/>
  <testcase name="personDoesNotExistInKeysearch" time="9.507" classname="CapstonesTesting.NewTest"/>
</testsuite> <!-- CapstonesTesting.NewTest -->
