<?xml version="1.0" encoding="UTF-8"?>
<!-- Generated by org.testng.reporters.JUnitReportReporter -->
<testsuite hostname="DEV-DESK-ST" name="IIL_IB_BrowserTesting.Testing" tests="1" failures="0" timestamp="25 Nov 2016 12:17:07 GMT" time="5.472" errors="0">
  <testcase name="testUntitled" time="5.472" classname="IIL_IB_BrowserTesting.Testing"/>
</testsuite> <!-- IIL_IB_BrowserTesting.Testing -->
